Analysis & Synthesis report for D5M
Sat Dec 08 17:06:34 2018
Quartus Prime Version 17.0.2 Build 602 07/19/2017 SJ Lite Edition


---------------------
; Table of Contents ;
---------------------
  1. Legal Notice
  2. Analysis & Synthesis Summary
  3. Analysis & Synthesis Settings
  4. Parallel Compilation
  5. Analysis & Synthesis Source Files Read
  6. Analysis & Synthesis Resource Usage Summary
  7. Analysis & Synthesis Resource Utilization by Entity
  8. State Machine - |TOP|I2C_ctrl:add1|fsm
  9. Registers Removed During Synthesis
 10. Removed Registers Triggering Further Register Optimizations
 11. General Register Statistics
 12. Inverted Register Statistics
 13. Multiplexer Restructuring Statistics (Restructuring Performed)
 14. Parameter Settings for User Entity Instance: divider:add3
 15. Post-Synthesis Netlist Statistics for Top Partition
 16. Elapsed Time Per Partition
 17. Analysis & Synthesis Messages



----------------
; Legal Notice ;
----------------
Copyright (C) 2017  Intel Corporation. All rights reserved.
Your use of Intel Corporation's design tools, logic functions 
and other software and tools, and its AMPP partner logic 
functions, and any output files from any of the foregoing 
(including device programming or simulation files), and any 
associated documentation or information are expressly subject 
to the terms and conditions of the Intel Program License 
Subscription Agreement, the Intel Quartus Prime License Agreement,
the Intel MegaCore Function License Agreement, or other 
applicable license agreement, including, without limitation, 
that your use is for the sole purpose of programming logic 
devices manufactured by Intel and sold by Intel or its 
authorized distributors.  Please refer to the applicable 
agreement for further details.



+----------------------------------------------------------------------------------+
; Analysis & Synthesis Summary                                                     ;
+------------------------------------+---------------------------------------------+
; Analysis & Synthesis Status        ; Successful - Sat Dec 08 17:06:34 2018       ;
; Quartus Prime Version              ; 17.0.2 Build 602 07/19/2017 SJ Lite Edition ;
; Revision Name                      ; D5M                                         ;
; Top-level Entity Name              ; TOP                                         ;
; Family                             ; Cyclone IV E                                ;
; Total logic elements               ; 195                                         ;
;     Total combinational functions  ; 193                                         ;
;     Dedicated logic registers      ; 35                                          ;
; Total registers                    ; 35                                          ;
; Total pins                         ; 4                                           ;
; Total virtual pins                 ; 0                                           ;
; Total memory bits                  ; 0                                           ;
; Embedded Multiplier 9-bit elements ; 0                                           ;
; Total PLLs                         ; 0                                           ;
+------------------------------------+---------------------------------------------+


+----------------------------------------------------------------------------------------------------------------------+
; Analysis & Synthesis Settings                                                                                        ;
+----------------------------------------------------------------------------+--------------------+--------------------+
; Option                                                                     ; Setting            ; Default Value      ;
+----------------------------------------------------------------------------+--------------------+--------------------+
; Device                                                                     ; EP4CE115F29C7      ;                    ;
; Top-level entity name                                                      ; TOP                ; D5M                ;
; Family name                                                                ; Cyclone IV E       ; Cyclone V          ;
; Use smart compilation                                                      ; Off                ; Off                ;
; Enable parallel Assembler and TimeQuest Timing Analyzer during compilation ; On                 ; On                 ;
; Enable compact report table                                                ; Off                ; Off                ;
; Restructure Multiplexers                                                   ; Auto               ; Auto               ;
; Create Debugging Nodes for IP Cores                                        ; Off                ; Off                ;
; Preserve fewer node names                                                  ; On                 ; On                 ;
; OpenCore Plus hardware evaluation                                          ; Enable             ; Enable             ;
; Verilog Version                                                            ; Verilog_2001       ; Verilog_2001       ;
; VHDL Version                                                               ; VHDL_1993          ; VHDL_1993          ;
; State Machine Processing                                                   ; Auto               ; Auto               ;
; Safe State Machine                                                         ; Off                ; Off                ;
; Extract Verilog State Machines                                             ; On                 ; On                 ;
; Extract VHDL State Machines                                                ; On                 ; On                 ;
; Ignore Verilog initial constructs                                          ; Off                ; Off                ;
; Iteration limit for constant Verilog loops                                 ; 5000               ; 5000               ;
; Iteration limit for non-constant Verilog loops                             ; 250                ; 250                ;
; Add Pass-Through Logic to Inferred RAMs                                    ; On                 ; On                 ;
; Infer RAMs from Raw Logic                                                  ; On                 ; On                 ;
; Parallel Synthesis                                                         ; On                 ; On                 ;
; DSP Block Balancing                                                        ; Auto               ; Auto               ;
; NOT Gate Push-Back                                                         ; On                 ; On                 ;
; Power-Up Don't Care                                                        ; On                 ; On                 ;
; Remove Redundant Logic Cells                                               ; Off                ; Off                ;
; Remove Duplicate Registers                                                 ; On                 ; On                 ;
; Ignore CARRY Buffers                                                       ; Off                ; Off                ;
; Ignore CASCADE Buffers                                                     ; Off                ; Off                ;
; Ignore GLOBAL Buffers                                                      ; Off                ; Off                ;
; Ignore ROW GLOBAL Buffers                                                  ; Off                ; Off                ;
; Ignore LCELL Buffers                                                       ; Off                ; Off                ;
; Ignore SOFT Buffers                                                        ; On                 ; On                 ;
; Limit AHDL Integers to 32 Bits                                             ; Off                ; Off                ;
; Optimization Technique                                                     ; Balanced           ; Balanced           ;
; Carry Chain Length                                                         ; 70                 ; 70                 ;
; Auto Carry Chains                                                          ; On                 ; On                 ;
; Auto Open-Drain Pins                                                       ; On                 ; On                 ;
; Perform WYSIWYG Primitive Resynthesis                                      ; Off                ; Off                ;
; Auto ROM Replacement                                                       ; On                 ; On                 ;
; Auto RAM Replacement                                                       ; On                 ; On                 ;
; Auto DSP Block Replacement                                                 ; On                 ; On                 ;
; Auto Shift Register Replacement                                            ; Auto               ; Auto               ;
; Allow Shift Register Merging across Hierarchies                            ; Auto               ; Auto               ;
; Auto Clock Enable Replacement                                              ; On                 ; On                 ;
; Strict RAM Replacement                                                     ; Off                ; Off                ;
; Allow Synchronous Control Signals                                          ; On                 ; On                 ;
; Force Use of Synchronous Clear Signals                                     ; Off                ; Off                ;
; Auto RAM Block Balancing                                                   ; On                 ; On                 ;
; Auto RAM to Logic Cell Conversion                                          ; Off                ; Off                ;
; Auto Resource Sharing                                                      ; Off                ; Off                ;
; Allow Any RAM Size For Recognition                                         ; Off                ; Off                ;
; Allow Any ROM Size For Recognition                                         ; Off                ; Off                ;
; Allow Any Shift Register Size For Recognition                              ; Off                ; Off                ;
; Use LogicLock Constraints during Resource Balancing                        ; On                 ; On                 ;
; Ignore translate_off and synthesis_off directives                          ; Off                ; Off                ;
; Timing-Driven Synthesis                                                    ; On                 ; On                 ;
; Report Parameter Settings                                                  ; On                 ; On                 ;
; Report Source Assignments                                                  ; On                 ; On                 ;
; Report Connectivity Checks                                                 ; On                 ; On                 ;
; Ignore Maximum Fan-Out Assignments                                         ; Off                ; Off                ;
; Synchronization Register Chain Length                                      ; 2                  ; 2                  ;
; PowerPlay Power Optimization During Synthesis                              ; Normal compilation ; Normal compilation ;
; HDL message level                                                          ; Level2             ; Level2             ;
; Suppress Register Optimization Related Messages                            ; Off                ; Off                ;
; Number of Removed Registers Reported in Synthesis Report                   ; 5000               ; 5000               ;
; Number of Swept Nodes Reported in Synthesis Report                         ; 5000               ; 5000               ;
; Number of Inverted Registers Reported in Synthesis Report                  ; 100                ; 100                ;
; Clock MUX Protection                                                       ; On                 ; On                 ;
; Auto Gated Clock Conversion                                                ; Off                ; Off                ;
; Block Design Naming                                                        ; Auto               ; Auto               ;
; SDC constraint protection                                                  ; Off                ; Off                ;
; Synthesis Effort                                                           ; Auto               ; Auto               ;
; Shift Register Replacement - Allow Asynchronous Clear Signal               ; On                 ; On                 ;
; Pre-Mapping Resynthesis Optimization                                       ; Off                ; Off                ;
; Analysis & Synthesis Message Level                                         ; Medium             ; Medium             ;
; Disable Register Merging Across Hierarchies                                ; Auto               ; Auto               ;
; Resource Aware Inference For Block RAM                                     ; On                 ; On                 ;
+----------------------------------------------------------------------------+--------------------+--------------------+


+------------------------------------------+
; Parallel Compilation                     ;
+----------------------------+-------------+
; Processors                 ; Number      ;
+----------------------------+-------------+
; Number detected on machine ; 4           ;
; Maximum allowed            ; 4           ;
;                            ;             ;
; Average used               ; 1.00        ;
; Maximum used               ; 4           ;
;                            ;             ;
; Usage by Processor         ; % Time Used ;
;     Processor 1            ; 100.0%      ;
;     Processor 2            ;   0.0%      ;
;     Processors 3-4         ;   0.0%      ;
+----------------------------+-------------+


+----------------------------------------------------------------------------------------------------------------------+
; Analysis & Synthesis Source Files Read                                                                               ;
+----------------------------------+-----------------+------------------------+------------------------------+---------+
; File Name with User-Entered Path ; Used in Netlist ; File Type              ; File Name with Absolute Path ; Library ;
+----------------------------------+-----------------+------------------------+------------------------------+---------+
; TOP.v                            ; yes             ; User Verilog HDL File  ; D:/FPGA/D5M/TOP.v            ;         ;
; I2C_ctrl.v                       ; yes             ; User Verilog HDL File  ; D:/FPGA/D5M/I2C_ctrl.v       ;         ;
; D5M_rom.v                        ; yes             ; User Verilog HDL File  ; D:/FPGA/D5M/D5M_rom.v        ;         ;
; divider.v                        ; yes             ; User Verilog HDL File  ; D:/FPGA/D5M/divider.v        ;         ;
+----------------------------------+-----------------+------------------------+------------------------------+---------+


+------------------------------------------------------------------------+
; Analysis & Synthesis Resource Usage Summary                            ;
+---------------------------------------------+--------------------------+
; Resource                                    ; Usage                    ;
+---------------------------------------------+--------------------------+
; Estimated Total logic elements              ; 195                      ;
;                                             ;                          ;
; Total combinational functions               ; 193                      ;
; Logic element usage by number of LUT inputs ;                          ;
;     -- 4 input functions                    ; 130                      ;
;     -- 3 input functions                    ; 21                       ;
;     -- <=2 input functions                  ; 42                       ;
;                                             ;                          ;
; Logic elements by mode                      ;                          ;
;     -- normal mode                          ; 174                      ;
;     -- arithmetic mode                      ; 19                       ;
;                                             ;                          ;
; Total registers                             ; 35                       ;
;     -- Dedicated logic registers            ; 35                       ;
;     -- I/O registers                        ; 0                        ;
;                                             ;                          ;
; I/O pins                                    ; 4                        ;
;                                             ;                          ;
; Embedded Multiplier 9-bit elements          ; 0                        ;
;                                             ;                          ;
; Maximum fan-out node                        ; I2C_ctrl:add1|add_con[0] ;
; Maximum fan-out                             ; 56                       ;
; Total fan-out                               ; 786                      ;
; Average fan-out                             ; 3.32                     ;
+---------------------------------------------+--------------------------+


+----------------------------------------------------------------------------------------------------------------------------------------------------------------------------------------------------------+
; Analysis & Synthesis Resource Utilization by Entity                                                                                                                                                      ;
+----------------------------+---------------------+---------------------------+-------------+--------------+---------+-----------+------+--------------+---------------------+-------------+--------------+
; Compilation Hierarchy Node ; Combinational ALUTs ; Dedicated Logic Registers ; Memory Bits ; DSP Elements ; DSP 9x9 ; DSP 18x18 ; Pins ; Virtual Pins ; Full Hierarchy Name ; Entity Name ; Library Name ;
+----------------------------+---------------------+---------------------------+-------------+--------------+---------+-----------+------+--------------+---------------------+-------------+--------------+
; |TOP                       ; 193 (1)             ; 35 (0)                    ; 0           ; 0            ; 0       ; 0         ; 4    ; 0            ; |TOP                ; TOP         ; work         ;
;    |I2C_ctrl:add1|         ; 170 (170)           ; 22 (22)                   ; 0           ; 0            ; 0       ; 0         ; 0    ; 0            ; |TOP|I2C_ctrl:add1  ; I2C_ctrl    ; work         ;
;    |divider:add3|          ; 22 (22)             ; 13 (13)                   ; 0           ; 0            ; 0       ; 0         ; 0    ; 0            ; |TOP|divider:add3   ; divider     ; work         ;
+----------------------------+---------------------+---------------------------+-------------+--------------+---------+-----------+------+--------------+---------------------+-------------+--------------+
Note: For table entries with two numbers listed, the numbers in parentheses indicate the number of resources of the given type used by the specific entity alone. The numbers listed outside of parentheses indicate the total resources of the given type used by the specific entity and all of its sub-entities in the hierarchy.


Encoding Type:  One-Hot
+-------------------------------------------------------------------------------+
; State Machine - |TOP|I2C_ctrl:add1|fsm                                        ;
+---------+---------+---------+---------+---------+---------+---------+---------+
; Name    ; fsm.110 ; fsm.101 ; fsm.100 ; fsm.011 ; fsm.010 ; fsm.001 ; fsm.000 ;
+---------+---------+---------+---------+---------+---------+---------+---------+
; fsm.000 ; 0       ; 0       ; 0       ; 0       ; 0       ; 0       ; 0       ;
; fsm.001 ; 0       ; 0       ; 0       ; 0       ; 0       ; 1       ; 1       ;
; fsm.010 ; 0       ; 0       ; 0       ; 0       ; 1       ; 0       ; 1       ;
; fsm.011 ; 0       ; 0       ; 0       ; 1       ; 0       ; 0       ; 1       ;
; fsm.100 ; 0       ; 0       ; 1       ; 0       ; 0       ; 0       ; 1       ;
; fsm.101 ; 0       ; 1       ; 0       ; 0       ; 0       ; 0       ; 1       ;
; fsm.110 ; 1       ; 0       ; 0       ; 0       ; 0       ; 0       ; 1       ;
+---------+---------+---------+---------+---------+---------+---------+---------+


+----------------------------------------------------------------------------+
; Registers Removed During Synthesis                                         ;
+----------------------------------------+-----------------------------------+
; Register name                          ; Reason for Removal                ;
+----------------------------------------+-----------------------------------+
; divider:add3|data2[6]                  ; Merged with divider:add3|data1[6] ;
; divider:add3|data2[5]                  ; Merged with divider:add3|data1[5] ;
; divider:add3|data2[4]                  ; Merged with divider:add3|data1[4] ;
; divider:add3|data2[3]                  ; Merged with divider:add3|data1[3] ;
; divider:add3|data2[2]                  ; Merged with divider:add3|data1[2] ;
; divider:add3|data2[0]                  ; Merged with divider:add3|data1[0] ;
; divider:add3|data2[9]                  ; Merged with divider:add3|data1[9] ;
; divider:add3|data2[8]                  ; Merged with divider:add3|data1[8] ;
; divider:add3|data2[7]                  ; Merged with divider:add3|data1[7] ;
; divider:add3|data2[1]                  ; Merged with divider:add3|data1[1] ;
; I2C_ctrl:add1|fsm~4                    ; Lost fanout                       ;
; I2C_ctrl:add1|fsm~5                    ; Lost fanout                       ;
; I2C_ctrl:add1|fsm~6                    ; Lost fanout                       ;
; I2C_ctrl:add1|fsm.110                  ; Lost fanout                       ;
; divider:add3|r1                        ; Merged with divider:add3|r2       ;
; Total Number of Removed Registers = 15 ;                                   ;
+----------------------------------------+-----------------------------------+


+-----------------------------------------------------------------------------------+
; Removed Registers Triggering Further Register Optimizations                       ;
+---------------------+--------------------+----------------------------------------+
; Register name       ; Reason for Removal ; Registers Removed due to This Register ;
+---------------------+--------------------+----------------------------------------+
; I2C_ctrl:add1|fsm~6 ; Lost Fanouts       ; I2C_ctrl:add1|fsm.110                  ;
+---------------------+--------------------+----------------------------------------+


+------------------------------------------------------+
; General Register Statistics                          ;
+----------------------------------------------+-------+
; Statistic                                    ; Value ;
+----------------------------------------------+-------+
; Total registers                              ; 35    ;
; Number of registers using Synchronous Clear  ; 0     ;
; Number of registers using Synchronous Load   ; 0     ;
; Number of registers using Asynchronous Clear ; 34    ;
; Number of registers using Asynchronous Load  ; 0     ;
; Number of registers using Clock Enable       ; 15    ;
; Number of registers using Preset             ; 0     ;
+----------------------------------------------+-------+


+--------------------------------------------------+
; Inverted Register Statistics                     ;
+----------------------------------------+---------+
; Inverted Register                      ; Fan out ;
+----------------------------------------+---------+
; I2C_ctrl:add1|add_con[2]               ; 38      ;
; I2C_ctrl:add1|add_con[1]               ; 30      ;
; I2C_ctrl:add1|add_con[0]               ; 56      ;
; Total number of inverted registers = 3 ;         ;
+----------------------------------------+---------+


+------------------------------------------------------------------------------------------------------------------------------------------+
; Multiplexer Restructuring Statistics (Restructuring Performed)                                                                           ;
+--------------------+-----------+---------------+----------------------+------------------------+------------+----------------------------+
; Multiplexer Inputs ; Bus Width ; Baseline Area ; Area if Restructured ; Saving if Restructured ; Registered ; Example Multiplexer Output ;
+--------------------+-----------+---------------+----------------------+------------------------+------------+----------------------------+
; 3:1                ; 2 bits    ; 4 LEs         ; 2 LEs                ; 2 LEs                  ; Yes        ; |TOP|I2C_ctrl:add1|mode[1] ;
+--------------------+-----------+---------------+----------------------+------------------------+------------+----------------------------+


+-----------------------------------------------------------+
; Parameter Settings for User Entity Instance: divider:add3 ;
+----------------+-------+----------------------------------+
; Parameter Name ; Value ; Type                             ;
+----------------+-------+----------------------------------+
; cnt            ; 125   ; Signed Integer                   ;
+----------------+-------+----------------------------------+
Note: In order to hide this table in the UI and the text report file, please set the "Show Parameter Settings in Synthesis Report" option in "Analysis and Synthesis Settings -> More Settings" to "Off".


+-----------------------------------------------------+
; Post-Synthesis Netlist Statistics for Top Partition ;
+-----------------------+-----------------------------+
; Type                  ; Count                       ;
+-----------------------+-----------------------------+
; boundary_port         ; 4                           ;
; cycloneiii_ff         ; 35                          ;
;     CLR               ; 19                          ;
;     ENA CLR           ; 15                          ;
;     plain             ; 1                           ;
; cycloneiii_io_obuf    ; 2                           ;
; cycloneiii_lcell_comb ; 193                         ;
;     arith             ; 19                          ;
;         2 data inputs ; 18                          ;
;         3 data inputs ; 1                           ;
;     normal            ; 174                         ;
;         1 data inputs ; 7                           ;
;         2 data inputs ; 17                          ;
;         3 data inputs ; 20                          ;
;         4 data inputs ; 130                         ;
;                       ;                             ;
; Max LUT depth         ; 10.00                       ;
; Average LUT depth     ; 5.88                        ;
+-----------------------+-----------------------------+


+-------------------------------+
; Elapsed Time Per Partition    ;
+----------------+--------------+
; Partition Name ; Elapsed Time ;
+----------------+--------------+
; Top            ; 00:00:02     ;
+----------------+--------------+


+-------------------------------+
; Analysis & Synthesis Messages ;
+-------------------------------+
Info: *******************************************************************
Info: Running Quartus Prime Analysis & Synthesis
    Info: Version 17.0.2 Build 602 07/19/2017 SJ Lite Edition
    Info: Processing started: Sat Dec 08 17:06:19 2018
Info: Command: quartus_map --read_settings_files=on --write_settings_files=off D5M -c D5M
Warning (18236): Number of processors has not been specified which may cause overloading on shared machines.  Set the global assignment NUM_PARALLEL_PROCESSORS in your QSF to an appropriate value for best performance.
Info (20030): Parallel compilation is enabled and will use 4 of the 4 processors detected
Info (12021): Found 1 design units, including 1 entities, in source file top.v
    Info (12023): Found entity 1: TOP File: D:/FPGA/D5M/TOP.v Line: 1
Info (12021): Found 1 design units, including 1 entities, in source file i2c_ctrl.v
    Info (12023): Found entity 1: I2C_ctrl File: D:/FPGA/D5M/I2C_ctrl.v Line: 1
Info (12021): Found 1 design units, including 1 entities, in source file d5m_rom.v
    Info (12023): Found entity 1: D5M_rom File: D:/FPGA/D5M/D5M_rom.v Line: 1
Info (12021): Found 1 design units, including 1 entities, in source file divider.v
    Info (12023): Found entity 1: divider File: D:/FPGA/D5M/divider.v Line: 1
Info (12127): Elaborating entity "TOP" for the top level hierarchy
Info (12128): Elaborating entity "divider" for hierarchy "divider:add3" File: D:/FPGA/D5M/TOP.v Line: 22
Info (12128): Elaborating entity "I2C_ctrl" for hierarchy "I2C_ctrl:add1" File: D:/FPGA/D5M/TOP.v Line: 34
Warning (10240): Verilog HDL Always Construct warning at I2C_ctrl.v(20): inferring latch(es) for variable "address_ba", which holds its previous value in one or more paths through the always construct File: D:/FPGA/D5M/I2C_ctrl.v Line: 20
Warning (10230): Verilog HDL assignment warning at I2C_ctrl.v(114): truncated value with size 10 to match size of target (8) File: D:/FPGA/D5M/I2C_ctrl.v Line: 114
Info (10264): Verilog HDL Case Statement information at I2C_ctrl.v(41): all case item expressions in this case statement are onehot File: D:/FPGA/D5M/I2C_ctrl.v Line: 41
Info (10041): Inferred latch for "address_ba[0]" at I2C_ctrl.v(20) File: D:/FPGA/D5M/I2C_ctrl.v Line: 20
Info (10041): Inferred latch for "address_ba[1]" at I2C_ctrl.v(20) File: D:/FPGA/D5M/I2C_ctrl.v Line: 20
Info (10041): Inferred latch for "address_ba[2]" at I2C_ctrl.v(20) File: D:/FPGA/D5M/I2C_ctrl.v Line: 20
Info (10041): Inferred latch for "address_ba[3]" at I2C_ctrl.v(20) File: D:/FPGA/D5M/I2C_ctrl.v Line: 20
Info (10041): Inferred latch for "address_ba[4]" at I2C_ctrl.v(20) File: D:/FPGA/D5M/I2C_ctrl.v Line: 20
Info (10041): Inferred latch for "address_ba[5]" at I2C_ctrl.v(20) File: D:/FPGA/D5M/I2C_ctrl.v Line: 20
Info (10041): Inferred latch for "address_ba[6]" at I2C_ctrl.v(20) File: D:/FPGA/D5M/I2C_ctrl.v Line: 20
Info (10041): Inferred latch for "address_ba[7]" at I2C_ctrl.v(20) File: D:/FPGA/D5M/I2C_ctrl.v Line: 20
Info (12128): Elaborating entity "D5M_rom" for hierarchy "D5M_rom:add2" File: D:/FPGA/D5M/TOP.v Line: 39
Warning (10030): Net "rom.data_a" at D5M_rom.v(5) has no driver or initial value, using a default initial value '0' File: D:/FPGA/D5M/D5M_rom.v Line: 5
Warning (10030): Net "rom.waddr_a" at D5M_rom.v(5) has no driver or initial value, using a default initial value '0' File: D:/FPGA/D5M/D5M_rom.v Line: 5
Warning (10030): Net "rom.we_a" at D5M_rom.v(5) has no driver or initial value, using a default initial value '0' File: D:/FPGA/D5M/D5M_rom.v Line: 5
Info (13000): Registers with preset signals will power-up high File: D:/FPGA/D5M/divider.v Line: 9
Info (13003): DEV_CLRn pin will set, and not reset, register with preset signal due to NOT Gate Push-Back
Info (286030): Timing-Driven Synthesis is running
Info (17049): 4 registers lost all their fanouts during netlist optimizations.
Info (16010): Generating hard_block partition "hard_block:auto_generated_inst"
    Info (16011): Adding 0 node(s), including 0 DDIO, 0 PLL, 0 transceiver and 0 LCELL
Info (21057): Implemented 200 device resources after synthesis - the final resource count might be different
    Info (21058): Implemented 2 input pins
    Info (21059): Implemented 1 output pins
    Info (21060): Implemented 1 bidirectional pins
    Info (21061): Implemented 196 logic cells
Info: Quartus Prime Analysis & Synthesis was successful. 0 errors, 6 warnings
    Info: Peak virtual memory: 4780 megabytes
    Info: Processing ended: Sat Dec 08 17:06:34 2018
    Info: Elapsed time: 00:00:15
    Info: Total CPU time (on all processors): 00:00:28


